<?xml version="1.0" encoding="utf-8"?><testsuites name="pytest tests"><testsuite name="pytest" errors="0" failures="0" skipped="1" tests="401" time="0.814" timestamp="2026-07-28T22:48:21.747183+08:00" hostname="oOxixi"><testcase classname="car_control_A.tests.test_ac_integration" name="test_real_chinese_asr_fast_path_flows_through_fsm_c_and_injected_protocols" time="0.001" /><testcase classname="car_control_A.tests.test_ac_integration" name="test_low_confidence_command_enters_confirmation_and_c_safe_stop_preserves_ttc" time="0.000" /><testcase classname="car_control_A.tests.test_ac_integration" name="test_watchdog_failure_bypasses_normal_command_control_with_full_brake" time="0.000" /><testcase classname="car_control_A.tests.test_behavior_fsm" name="test_confirmation_expiry_timeout_and_terminal_uniqueness" time="0.000" /><testcase classname="car_control_A.tests.test_behavior_fsm" name="test_low_confidence_is_confirmed_and_rejection_is_terminal" time="0.000" /><testcase classname="car_control_A.tests.test_behavior_fsm" name="test_confirmation_checks_expiry_and_timeout_before_approval" time="0.000" /><testcase classname="car_control_A.tests.test_behavior_fsm" name="test_new_command_preempts_old_active_command_without_later_state_change" time="0.000" /><testcase classname="car_control_A.tests.test_behavior_fsm" name="test_complete_and_fail_enforce_expiry_or_timeout_without_prior_tick" time="0.000" /><testcase classname="car_control_A.tests.test_command_adapter" name="test_fast_path_parses_stop_emergency_and_chinese_speed" time="0.000" /><testcase classname="car_control_A.tests.test_command_adapter" name="test_fast_path_uses_real_utf8_chinese_and_accepts_km_h_and_whitespace" time="0.000" /><testcase classname="car_control_A.tests.test_command_adapter" name="test_fast_path_accepts_kmh_but_unknown_never_guesses" time="0.000" /><testcase classname="car_control_A.tests.test_command_adapter" name="test_complex_command_rejects_invalid_metadata_before_decision_request[kwargs0-ValueError]" time="0.000" /><testcase classname="car_control_A.tests.test_command_adapter" name="test_complex_command_rejects_invalid_metadata_before_decision_request[kwargs1-ValueError]" time="0.000" /><testcase classname="car_control_A.tests.test_command_adapter" name="test_complex_command_rejects_invalid_metadata_before_decision_request[kwargs2-ValueError]" time="0.000" /><testcase classname="car_control_A.tests.test_command_adapter" name="test_complex_command_rejects_invalid_metadata_before_decision_request[kwargs3-ValueError]" time="0.000" /><testcase classname="car_control_A.tests.test_command_adapter" name="test_complex_command_rejects_invalid_metadata_before_decision_request[kwargs4-ValueError]" time="0.000" /><testcase classname="car_control_A.tests.test_command_adapter" name="test_complex_command_rejects_invalid_metadata_before_decision_request[kwargs5-ValueError]" time="0.000" /><testcase classname="car_control_A.tests.test_command_adapter" name="test_complex_command_rejects_invalid_metadata_before_decision_request[kwargs6-ValueError]" time="0.000" /><testcase classname="car_control_A.tests.test_command_adapter" name="test_complex_command_rejects_invalid_metadata_before_decision_request[kwargs7-ValueError]" time="0.000" /><testcase classname="car_control_A.tests.test_command_adapter" name="test_complex_command_rejects_invalid_metadata_before_decision_request[kwargs8-ValueError]" time="0.000" /><testcase classname="car_control_A.tests.test_command_adapter" name="test_complex_command_rejects_nonfinite_default_ttl[nan]" time="0.000" /><testcase classname="car_control_A.tests.test_command_adapter" name="test_complex_command_rejects_nonfinite_default_ttl[inf]" time="0.000" /><testcase classname="car_control_A.tests.test_contracts" name="test_contract_version_and_runtime_state_uses_si_units" time="0.000" /><testcase classname="car_control_A.tests.test_contracts" name="test_package_reexports_all_shared_contracts" time="0.000" /><testcase classname="car_control_A.tests.test_contracts" name="test_all_numeric_contract_values_reject_bool_nan_and_infinity[True]" time="0.000" /><testcase classname="car_control_A.tests.test_contracts" name="test_all_numeric_contract_values_reject_bool_nan_and_infinity[nan]" time="0.000" /><testcase classname="car_control_A.tests.test_contracts" name="test_all_numeric_contract_values_reject_bool_nan_and_infinity[inf]" time="0.000" /><testcase classname="car_control_A.tests.test_contracts" name="test_all_numeric_contract_values_reject_bool_nan_and_infinity[-inf]" time="0.000" /><testcase classname="car_control_A.tests.test_contracts" name="test_command_validates_lifetime_and_confidence" time="0.000" /><testcase classname="car_control_A.tests.test_contracts" name="test_command_exposure_and_confirmation_api" time="0.000" /><testcase classname="car_control_A.tests.test_contracts" name="test_control_output_is_bounded_and_actuators_are_mutually_exclusive" time="0.000" /><testcase classname="car_control_A.tests.test_contracts" name="test_longitudinal_output_carries_risk_and_control_contract" time="0.000" /><testcase classname="car_control_A.tests.test_contracts" name="test_feedback_only_exposes_declared_terminal_states[SUCCEEDED]" time="0.000" /><testcase classname="car_control_A.tests.test_contracts" name="test_feedback_only_exposes_declared_terminal_states[FAILED]" time="0.000" /><testcase classname="car_control_A.tests.test_contracts" name="test_feedback_only_exposes_declared_terminal_states[REJECTED]" time="0.000" /><testcase classname="car_control_A.tests.test_contracts" name="test_feedback_only_exposes_declared_terminal_states[EXPIRED]" time="0.000" /><testcase classname="car_control_A.tests.test_contracts" name="test_feedback_only_exposes_declared_terminal_states[TIMED_OUT]" time="0.000" /><testcase classname="car_control_A.tests.test_contracts" name="test_optional_distances_are_allowed_but_finite_when_present" time="0.000" /><testcase classname="car_control_A.tests.test_contracts" name="test_signal_state_is_a_strict_enum_with_unknown_reserved_for_uncertainty" time="0.000" /><testcase classname="car_control_A.tests.test_contracts" name="test_lead_measurements_are_a_coherent_pair_with_explicit_closing_semantics" time="0.000" /><testcase classname="car_control_A.tests.test_contracts" name="test_speed_magnitudes_must_be_nonnegative_and_finite[True]" time="0.000" /><testcase classname="car_control_A.tests.test_contracts" name="test_speed_magnitudes_must_be_nonnegative_and_finite[-0.1]" time="0.000" /><testcase classname="car_control_A.tests.test_contracts" name="test_speed_magnitudes_must_be_nonnegative_and_finite[nan]" time="0.000" /><testcase classname="car_control_A.tests.test_contracts" name="test_speed_magnitudes_must_be_nonnegative_and_finite[inf]" time="0.000" /><testcase classname="car_control_A.tests.test_contracts" name="test_contracts_round_trip_a_strict_versioned_dict[value0]" time="0.000" /><testcase classname="car_control_A.tests.test_contracts" name="test_contracts_round_trip_a_strict_versioned_dict[value1]" time="0.000" /><testcase classname="car_control_A.tests.test_contracts" name="test_contracts_round_trip_a_strict_versioned_dict[value2]" time="0.000" /><testcase classname="car_control_A.tests.test_contracts" name="test_contracts_round_trip_a_strict_versioned_dict[value3]" time="0.000" /><testcase classname="car_control_A.tests.test_contracts" name="test_contracts_round_trip_a_strict_versioned_dict[value4]" time="0.000" /><testcase classname="car_control_A.tests.test_contracts" name="test_contracts_round_trip_a_strict_versioned_dict[value5]" time="0.000" /><testcase classname="car_control_A.tests.test_contracts" name="test_contracts_round_trip_a_strict_versioned_dict[value6]" time="0.000" /><testcase classname="car_control_A.tests.test_contracts" name="test_contracts_round_trip_a_strict_versioned_dict[value7]" time="0.000" /><testcase classname="car_control_A.tests.test_contracts" name="test_from_dict_rejects_unknown_missing_bad_version_and_bad_types" time="0.000" /><testcase classname="car_control_A.tests.test_contracts" name="test_nested_payload_rejects_unknown_fields_too" time="0.000" /><testcase classname="car_control_A.tests.test_contracts" name="test_each_deserializer_rejects_unknown_fields_and_schema_mismatch[RuntimeVehicleState-value0]" time="0.000" /><testcase classname="car_control_A.tests.test_contracts" name="test_each_deserializer_rejects_unknown_fields_and_schema_mismatch[DrivingCommand-value1]" time="0.000" /><testcase classname="car_control_A.tests.test_contracts" name="test_each_deserializer_rejects_unknown_fields_and_schema_mismatch[TrafficConstraint-value2]" time="0.000" /><testcase classname="car_control_A.tests.test_contracts" name="test_each_deserializer_rejects_unknown_fields_and_schema_mismatch[LongitudinalRequest-value3]" time="0.000" /><testcase classname="car_control_A.tests.test_contracts" name="test_each_deserializer_rejects_unknown_fields_and_schema_mismatch[ControlOutput-value4]" time="0.000" /><testcase classname="car_control_A.tests.test_contracts" name="test_each_deserializer_rejects_unknown_fields_and_schema_mismatch[RiskMetrics-value5]" time="0.000" /><testcase classname="car_control_A.tests.test_contracts" name="test_each_deserializer_rejects_unknown_fields_and_schema_mismatch[LongitudinalOutput-value6]" time="0.000" /><testcase classname="car_control_A.tests.test_contracts" name="test_each_deserializer_rejects_unknown_fields_and_schema_mismatch[ExecutionFeedback-value7]" time="0.000" /><testcase classname="car_control_A.tests.test_high_level_command" name="test_qwen_set_speed_becomes_existing_voice_envelope" time="0.000" /><testcase classname="car_control_A.tests.test_high_level_command" name="test_slow_down_uses_explicit_or_conservative_default_speed" time="0.000" /><testcase classname="car_control_A.tests.test_high_level_command" name="test_start_is_normalized_to_keep_lane_and_has_terminal_runtime_action" time="0.000" /><testcase classname="car_control_A.tests.test_high_level_command" name="test_unsupported_manoeuvre_is_confirmation_gated_not_executed" time="0.000" /><testcase classname="car_control_A.tests.test_high_level_command" name="test_low_level_fields_are_rejected_before_runtime_authority" time="0.000" /><testcase classname="car_control_A.tests.test_routing" name="test_route_reference_and_lateral_protocol_are_minimal" time="0.000" /><testcase classname="car_control_A.tests.test_simulator" name="test_synchronous_world_restores_settings_and_traffic_manager" time="0.000" /><testcase classname="car_control_A.tests.test_simulator" name="test_traffic_manager_requires_an_explicit_previous_state" time="0.000" /><testcase classname="car_control_A.tests.test_simulator" name="test_world_settings_restore_even_if_traffic_manager_restore_fails" time="0.000" /><testcase classname="car_control_A.tests.test_simulator" name="test_world_and_tm_restore_when_tm_enable_changes_state_then_raises" time="0.000" /><testcase classname="car_control_A.tests.test_simulator" name="test_exit_clears_sync_state_when_world_restore_raises_and_preserves_business_error" time="0.000" /><testcase classname="car_control_A.tests.test_simulator" name="test_session_is_the_single_tick_owner_and_cleans_actors_in_reverse_order" time="0.000" /><testcase classname="car_control_A.tests.test_simulator" name="test_session_spawns_ego_and_attaches_listening_sensor" time="0.000" /><testcase classname="car_control_A.tests.test_simulator" name="test_attach_sensor_validates_before_spawn_and_immediately_releases_listen_failure" time="0.000" /><testcase classname="car_control_A.tests.test_simulator" name="test_actor_registry_cleans_every_actor_when_one_destroy_fails" time="0.000" /><testcase classname="car_control_A.tests.test_simulator" name="test_sensor_buffer_only_returns_a_complete_matching_frame" time="0.000" /><testcase classname="car_control_A.tests.test_simulator" name="test_sensor_buffer_discards_evicted_frames_and_times_out_for_incomplete_frame" time="0.003" /><testcase classname="car_control_A.tests.test_simulator" name="test_late_old_frame_is_dropped_without_evicting_newer_frames" time="0.000" /><testcase classname="car_control_A.tests.test_simulator" name="test_out_of_order_sensor_callbacks_can_still_align_an_unconsumed_frame" time="0.000" /><testcase classname="car_control_A.tests.test_simulator" name="test_sensor_buffer_waits_for_callback_thread" time="0.011" /><testcase classname="car_control_A.tests.test_simulator" name="test_invalid_sensor_buffer_arguments_fail_early" time="0.000" /><testcase classname="car_control_A.tests.test_simulator_smoke" name="test_carla_session_spawns_ego_and_restores_world_tm_and_actor" time="0.000"><skipped type="pytest.skip" message="set CARLA_SMOKE=1 with CARLA server running">D:\AppStoreDownload\CARLA_Latest\my_project_merged\car_control_A\tests\test_simulator_smoke.py:10: set CARLA_SMOKE=1 with CARLA server running</skipped></testcase><testcase classname="car_control_A.tests.test_telemetry" name="test_trace_reports_monotonic_segments_and_writes_jsonl" time="0.005" /><testcase classname="car_control_A.tests.test_telemetry" name="test_trace_rejects_non_monotonic_and_duplicate_stage" time="0.000" /><testcase classname="car_control_A.tests.test_watchdog" name="test_watchdog_brakes_on_timeout_and_module_failure" time="0.000" /><testcase classname="car_control_A.tests.test_watchdog" name="test_required_module_that_never_heartbeats_brakes_after_grace_and_timeout" time="0.000" /><testcase classname="car_control_B.tests.test_path_utils" name="test_wrap_angle" time="0.000" /><testcase classname="car_control_B.tests.test_path_utils" name="test_nearest_and_lookahead" time="0.000" /><testcase classname="car_control_B.tests.test_path_utils" name="test_cross_track_sign" time="0.000" /><testcase classname="car_control_B.tests.test_path_utils" name="test_resample_path_preserves_ends" time="0.000" /><testcase classname="car_control_B.tests.test_path_utils" name="test_heading" time="0.000" /><testcase classname="car_control_B.tests.test_pure_pursuit" name="test_center_on_straight_near_zero" time="0.000" /><testcase classname="car_control_B.tests.test_pure_pursuit" name="test_right_of_path_turns_left_negative_carla_sign" time="0.000" /><testcase classname="car_control_B.tests.test_pure_pursuit" name="test_left_of_path_turns_right_positive_carla_sign" time="0.000" /><testcase classname="car_control_B.tests.test_pure_pursuit" name="test_output_limited_to_range" time="0.000" /><testcase classname="car_control_B.tests.test_stanley" name="test_stanley_right_of_path_turns_left" time="0.000" /><testcase classname="car_control_B.tests.test_stanley" name="test_stanley_left_of_path_turns_right" time="0.000" /><testcase classname="car_control_B2.tests.test_path_utils" name="test_wrap_angle" time="0.000" /><testcase classname="car_control_B2.tests.test_path_utils" name="test_nearest_and_lookahead" time="0.000" /><testcase classname="car_control_B2.tests.test_path_utils" name="test_cross_track_sign" time="0.000" /><testcase classname="car_control_B2.tests.test_path_utils" name="test_resample_path_preserves_ends" time="0.000" /><testcase classname="car_control_B2.tests.test_path_utils" name="test_heading" time="0.000" /><testcase classname="car_control_B2.tests.test_pure_pursuit" name="test_center_on_straight_near_zero" time="0.000" /><testcase classname="car_control_B2.tests.test_pure_pursuit" name="test_right_of_path_turns_left_negative_carla_sign" time="0.000" /><testcase classname="car_control_B2.tests.test_pure_pursuit" name="test_left_of_path_turns_right_positive_carla_sign" time="0.000" /><testcase classname="car_control_B2.tests.test_pure_pursuit" name="test_output_limited_to_range" time="0.000" /><testcase classname="car_control_B2.tests.test_stanley" name="test_stanley_right_of_path_turns_left" time="0.000" /><testcase classname="car_control_B2.tests.test_stanley" name="test_stanley_left_of_path_turns_right" time="0.000" /><testcase classname="car_control_C.tests.test_fuzzy_command_policy" name="test_clear_command_passes_through_without_policy_override" time="0.000" /><testcase classname="car_control_C.tests.test_fuzzy_command_policy" name="test_untrusted_command_requires_confirmation_and_never_keeps_cruise_target[changes0]" time="0.000" /><testcase classname="car_control_C.tests.test_fuzzy_command_policy" name="test_untrusted_command_requires_confirmation_and_never_keeps_cruise_target[changes1]" time="0.000" /><testcase classname="car_control_C.tests.test_fuzzy_command_policy" name="test_untrusted_command_requires_confirmation_and_never_keeps_cruise_target[changes2]" time="0.000" /><testcase classname="car_control_C.tests.test_fuzzy_command_policy" name="test_standstill_confirmation_holds_brake" time="0.000" /><testcase classname="car_control_C.tests.test_fuzzy_command_policy" name="test_low_confidence_preserves_low_ttc_risk_and_escalates_local_brake" time="0.000" /><testcase classname="car_control_C.tests.test_fuzzy_command_policy" name="test_expired_command_is_explicitly_rejected_and_stops" time="0.000" /><testcase classname="car_control_C.tests.test_fuzzy_command_policy" name="test_config_is_strict_and_round_trips" time="0.000" /><testcase classname="car_control_C.tests.test_longitudinal" name="test_pid_anti_windup_and_reset_on_target_step" time="0.000" /><testcase classname="car_control_C.tests.test_longitudinal" name="test_control_is_mutually_exclusive_and_rate_limited" time="0.000" /><testcase classname="car_control_C.tests.test_longitudinal" name="test_curvature_speed_constraint_limits_target" time="0.000" /><testcase classname="car_control_C.tests.test_longitudinal" name="test_hard_curve_cap_is_not_relaxed_by_command_ramp" time="0.000" /><testcase classname="car_control_C.tests.test_longitudinal" name="test_unreachable_red_stop_uses_visible_maximum_brake_fallback" time="0.000" /><testcase classname="car_control_C.tests.test_longitudinal" name="test_stop_controller_reaches_and_holds_brake" time="0.000" /><testcase classname="car_control_C.tests.test_longitudinal" name="test_stop_controller_has_all_four_phases_and_creep_cap" time="0.000" /><testcase classname="car_control_C.tests.test_longitudinal" name="test_distant_stop_line_uses_kinematic_cap_without_premature_stop" time="0.000" /><testcase classname="car_control_C.tests.test_longitudinal" name="test_following_gap_and_ttc_emergency_request" time="0.000" /><testcase classname="car_control_C.tests.test_longitudinal" name="test_non_closing_lead_has_no_ttc_and_multi_constraint_minimum" time="0.000" /><testcase classname="car_control_C.tests.test_longitudinal" name="test_traffic_lights_red_yellow_green_and_unknown" time="0.000" /><testcase classname="car_control_C.tests.test_longitudinal" name="test_red_yellow_and_unknown_constrain_running_controller" time="0.000" /><testcase classname="car_control_C.tests.test_longitudinal" name="test_control_output_serializes_and_actuator_transition_stays_exclusive" time="0.000" /><testcase classname="car_control_C.tests.test_longitudinal" name="test_invalid_parameters_are_rejected" time="0.000" /><testcase classname="car_control_C.tests.test_longitudinal" name="test_public_parameters_and_step_reject_bool_nan_and_infinity" time="0.000" /><testcase classname="car_control_C.tests.test_longitudinal" name="test_controller_reset_removes_previous_braking_and_target_history" time="0.000" /><testcase classname="car_control_C.tests.test_safety_state" name="test_rgb_and_lidar_fuse_class_distance_and_tracker_ttc" time="0.000" /><testcase classname="car_control_C.tests.test_safety_state" name="test_temporal_lidar_difference_computes_low_ttc_without_actor_truth" time="0.000" /><testcase classname="car_control_C.tests.test_safety_state" name="test_missing_visual_semantics_are_explicit_and_not_invented" time="0.000" /><testcase classname="car_control_C.tests.test_safety_state" name="test_low_confidence_visual_result_is_invalid_not_a_guessed_class" time="0.000" /><testcase classname="car_control_C.tests.test_safety_state" name="test_invalid_lidar_and_visual_range_conflict_fail_closed" time="0.000" /><testcase classname="car_control_C.tests.test_safety_state" name="test_frame_alignment_and_episode_reset_are_strict" time="0.000" /><testcase classname="car_control_C.tests.test_safety_state" name="test_invalid_sensor_contracts_are_rejected" time="0.000" /><testcase classname="car_control_D.tests.test_official_score" name="test_deduction_rules" time="0.000" /><testcase classname="car_control_D.tests.test_official_score" name="test_score_floor_zero" time="0.000" /><testcase classname="car_control_D.tests.test_official_score" name="test_weighted_completion" time="0.000" /><testcase classname="car_control_D.tests.test_official_score" name="test_latency_report" time="0.000" /><testcase classname="car_control_D.tests.test_safety_supervisor" name="test_low_ttc_forces_stop" time="0.000" /><testcase classname="car_control_D.tests.test_safety_supervisor" name="test_slow_down_clear_command_passes" time="0.000" /><testcase classname="car_control_D.tests.test_safety_supervisor" name="test_unknown_command_held" time="0.000" /><testcase classname="car_control_D.tests.test_safety_supervisor" name="test_close_front_obstacle_reason_is_auditable_as_emergency" time="0.000" /><testcase classname="car_control_D.tests.test_safety_supervisor" name="test_red_light_guard_reason_identifies_red_light" time="0.000" /><testcase classname="car_control_D.tests.test_safety_supervisor" name="test_route_deviation_uses_limited_low_speed_recovery_instead_of_deadlock" time="0.000" /><testcase classname="car_control_D.tests.test_safety_supervisor" name="test_route_recovery_brakes_above_recovery_speed" time="0.000" /><testcase classname="car_control_D.tests.test_safety_supervisor" name="test_route_reference_prevents_false_lane_offset_stop_inside_junction" time="0.000" /><testcase classname="car_control_D.tests.test_safety_supervisor" name="test_lane_offset_still_cautions_without_safe_route_confirmation" time="0.000" /><testcase classname="car_control_D.tests.test_validators" name="test_voice_group_slow_down_command_is_valid" time="0.000" /><testcase classname="car_control_D.tests.test_validators" name="test_change_lane_requires_direction" time="0.001" /><testcase classname="car_control_D.tests.test_validators" name="test_control_conflict_invalid" time="0.000" /><testcase classname="car_control_D.tests.test_validators" name="test_zero_confidence_is_preserved_for_safety_validation" time="0.000" /><testcase classname="integration.tests.test_carla_perception" name="test_attach_default_sensor_suite_configures_continuous_and_event_callbacks" time="0.001" /><testcase classname="integration.tests.test_carla_perception" name="test_sensor_tick_tracks_world_fixed_delta" time="0.000" /><testcase classname="integration.tests.test_carla_perception" name="test_world_mode_event_suite_does_not_attach_rgb_or_lidar" time="0.000" /><testcase classname="integration.tests.test_carla_perception" name="test_bridge_combines_aligned_lidar_events_map_and_associated_actor_truth" time="0.006" /><testcase classname="integration.tests.test_carla_perception" name="test_route_deviation_uses_polyline_segments_not_only_sparse_points" time="0.000" /><testcase classname="integration.tests.test_carla_perception" name="test_lidar_obstacle_without_actor_is_kept_as_stationary_hazard" time="0.001" /><testcase classname="integration.tests.test_carla_perception" name="test_rgb_detection_and_lidar_distance_replace_actor_truth_speed" time="0.001" /><testcase classname="integration.tests.test_carla_perception" name="test_rgb_detector_failure_is_fail_closed" time="0.000" /><testcase classname="integration.tests.test_carla_perception" name="test_configured_visual_provider_failure_is_fail_closed" time="0.000" /><testcase classname="integration.tests.test_carla_perception" name="test_upstream_rgb_semantics_are_fused_with_lidar_without_guessing" time="0.000" /><testcase classname="integration.tests.test_carla_perception" name="test_visual_hazard_without_lidar_range_requests_fail_closed_brake" time="0.000" /><testcase classname="integration.tests.test_carla_perception" name="test_malformed_lidar_payload_is_a_fail_closed_acquisition_error" time="0.000" /><testcase classname="integration.tests.test_carla_perception" name="test_moving_through_red_stop_waypoint_sets_violation" time="0.000" /><testcase classname="integration.tests.test_carla_perception" name="test_missing_continuous_sensor_times_out_fail_closed" time="0.010" /><testcase classname="integration.tests.test_carla_perception" name="test_late_sparse_safety_event_is_reported_on_next_control_frame" time="0.000" /><testcase classname="integration.tests.test_carla_perception" name="test_payload_frame_mismatch_is_rejected" time="0.000" /><testcase classname="integration.tests.test_carla_perception" name="test_front_lidar_requires_a_cluster_in_lane_corridor" time="0.000" /><testcase classname="integration.tests.test_carla_runner_helpers" name="test_voice_load_failure_becomes_rejected_no_op" time="0.000" /><testcase classname="integration.tests.test_carla_runner_helpers" name="test_scenario_facts_can_override_or_only_fill_missing_perception" time="0.000" /><testcase classname="integration.tests.test_carla_runner_helpers" name="test_requested_town_prefers_optimized_map_when_available" time="0.000" /><testcase classname="integration.tests.test_carla_runner_helpers" name="test_scenario_facts_clear_unconfigured_map_hazards" time="0.000" /><testcase classname="integration.tests.test_carla_runner_helpers" name="test_perception_mode_ignores_scenario_facts" time="0.000" /><testcase classname="integration.tests.test_carla_runner_helpers" name="test_world_scene_populates_lane_offset_and_route_deviation_from_map" time="0.000" /><testcase classname="integration.tests.test_carla_runner_helpers" name="test_world_scene_leaves_lane_offset_unknown_without_map_waypoint" time="0.000" /><testcase classname="integration.tests.test_carla_runner_helpers" name="test_invalid_scenario_facts_mode_is_rejected" time="0.000" /><testcase classname="integration.tests.test_carla_runner_helpers" name="test_traffic_light_anchor_uses_seeded_candidate_index" time="0.000" /><testcase classname="integration.tests.test_carla_runner_helpers" name="test_expected_route_deviation_intervention_counts_as_scenario_success" time="0.001" /><testcase classname="integration.tests.test_carla_runner_helpers" name="test_allowed_safety_override_continuous_contract_counts_as_scenario_success" time="0.001" /><testcase classname="integration.tests.test_carla_runner_helpers" name="test_allowed_safety_override_does_not_hide_runtime_failure" time="0.001" /><testcase classname="integration.tests.test_carla_runner_helpers" name="test_d_fault_contracts_create_one_shot_raw_control_payloads" time="0.001" /><testcase classname="integration.tests.test_carla_runner_helpers" name="test_regression_finish_route_is_a_hard_completion_contract" time="0.001" /><testcase classname="integration.tests.test_carla_runner_helpers" name="test_route_stop_trigger_scales_with_speed_without_stopping_early" time="0.000" /><testcase classname="integration.tests.test_carla_runner_helpers" name="test_lead_vehicle_position_is_continuous_when_it_brakes" time="0.000" /><testcase classname="integration.tests.test_carla_runner_helpers" name="test_scenario_actor_lookup_is_unique_and_explicit" time="0.000" /><testcase classname="integration.tests.test_carla_runner_helpers" name="test_submission_scenarios_declare_expected_real_actor_types" time="0.001" /><testcase classname="integration.tests.test_carla_runner_helpers" name="test_scenario_vehicle_changes_to_braking_target_at_declared_time" time="0.000" /><testcase classname="integration.tests.test_carla_runner_helpers" name="test_scenario_vehicle_speed_is_signed_along_actor_heading" time="0.000" /><testcase classname="integration.tests.test_carla_runner_helpers" name="test_scenario_local_actor_transform_rotates_with_ego_heading" time="0.000" /><testcase classname="integration.tests.test_carla_runner_helpers" name="test_real_traffic_light_observation_replaces_config_fallback_provenance" time="0.000" /><testcase classname="integration.tests.test_carla_runner_helpers" name="test_front_gap_expected_value_is_a_hard_completion_contract" time="0.001" /><testcase classname="integration.tests.test_carla_runner_helpers" name="test_load_command_rejects_non_object_json_before_runtime_logging" time="0.002" /><testcase classname="integration.tests.test_carla_runner_helpers" name="test_load_command_accepts_qwen_high_level_json" time="0.003" /><testcase classname="integration.tests.test_carla_runner_helpers" name="test_sensor_warmup_retries_until_two_consecutive_aligned_frames_arrive" time="0.000" /><testcase classname="integration.tests.test_carla_runner_helpers" name="test_sensor_warmup_resets_streak_after_pipeline_bubble" time="0.000" /><testcase classname="integration.tests.test_carla_runner_helpers" name="test_vehicle_speed_ignores_vertical_spawn_settling" time="0.000" /><testcase classname="integration.tests.test_carla_runner_helpers" name="test_acceptance_lateral_tuning_limits_steer_and_rate" time="0.000" /><testcase classname="integration.tests.test_carla_runner_helpers" name="test_scenario_maneuver_preserves_declared_curve_direction[lateral_B/B04_smooth_left_curve.json-FOLLOW_LEFT]" time="0.001" /><testcase classname="integration.tests.test_carla_runner_helpers" name="test_scenario_maneuver_preserves_declared_curve_direction[lateral_B/B05_smooth_right_curve.json-FOLLOW_RIGHT]" time="0.001" /><testcase classname="integration.tests.test_carla_runner_helpers" name="test_scenario_maneuver_preserves_declared_curve_direction[regression/REG_003_basic_clear_seed2.json-FOLLOW_RIGHT]" time="0.001" /><testcase classname="integration.tests.test_carla_runner_helpers" name="test_scenario_maneuver_preserves_declared_curve_direction[regression/REG_001_basic_clear_seed0.json-FOLLOW]" time="0.001" /><testcase classname="integration.tests.test_carla_runner_helpers" name="test_carla_left_handed_closed_loop_converges_to_straight_route" time="0.002" /><testcase classname="integration.tests.test_carla_runner_helpers" name="test_scenario_completion_uses_safety_acceptance_conditions" time="0.000" /><testcase classname="integration.tests.test_carla_runner_helpers" name="test_basic_scenario_rejects_runtime_health_fail_safe" time="0.000" /><testcase classname="integration.tests.test_day20_control_adapter" name="test_day20_ego_control_is_always_applied_after_d_arbitration" time="0.000" /><testcase classname="integration.tests.test_day20_control_adapter" name="test_day20_speed_uses_planar_velocity_and_safe_control_passes_through" time="0.000" /><testcase classname="integration.tests.test_day23_decision_trace" name="test_set_speed_trace_is_consistent" time="0.000" /><testcase classname="integration.tests.test_day23_decision_trace" name="test_safety_override_is_recorded_as_consistent" time="0.000" /><testcase classname="integration.tests.test_day23_decision_trace" name="test_mismatched_speed_is_inconsistent" time="0.000" /><testcase classname="integration.tests.test_day23_decision_trace" name="test_closed_loop_writes_decision_trace" time="0.000" /><testcase classname="integration.tests.test_day23_qwen_prompt" name="test_prompt_version_is_frozen" time="0.000" /><testcase classname="integration.tests.test_day23_qwen_prompt" name="test_prompt_contains_all_allowed_actions" time="0.000" /><testcase classname="integration.tests.test_day23_qwen_prompt" name="test_prompt_enforces_json_contract" time="0.000" /><testcase classname="integration.tests.test_day23_qwen_prompt" name="test_prompt_enforces_control_boundary" time="0.000" /><testcase classname="integration.tests.test_day23_qwen_prompt" name="test_prompt_contains_runtime_inputs" time="0.000" /><testcase classname="integration.tests.test_day23_qwen_prompt" name="test_prompt_requires_grounded_visual_reasoning" time="0.000" /><testcase classname="integration.tests.test_day23_qwen_prompt" name="test_qwen_adapter_uses_fixed_prompt_builder" time="0.000" /><testcase classname="integration.tests.test_day23_qwen_protocol" name="test_allowed_action_set_is_frozen" time="0.000" /><testcase classname="integration.tests.test_day23_qwen_protocol" name="test_strict_qwen_json_can_be_parsed" time="0.000" /><testcase classname="integration.tests.test_day23_qwen_protocol" name="test_low_level_control_action_is_rejected" time="0.000" /><testcase classname="integration.tests.test_day23_qwen_protocol" name="test_empty_action_list_is_invalid" time="0.000" /><testcase classname="integration.tests.test_language_testset" name="test_checked_in_language_testset_covers_every_required_category" time="0.001" /><testcase classname="integration.tests.test_language_testset" name="test_missing_coverage_and_unsafe_low_confidence_expectation_fail" time="0.003" /><testcase classname="integration.tests.test_multimodal_dataset_builder" name="test_deterministic_split_keeps_group_together" time="0.000" /><testcase classname="integration.tests.test_multimodal_dataset_builder" name="test_builder_hashes_media_writes_splits_and_produces_valid_records" time="0.021" /><testcase classname="integration.tests.test_multimodal_dataset_validator" name="test_checked_in_sample_is_valid" time="0.001" /><testcase classname="integration.tests.test_multimodal_dataset_validator" name="test_duplicate_sample_and_split_leak_are_rejected" time="0.004" /><testcase classname="integration.tests.test_multimodal_dataset_validator" name="test_unsafe_media_paths_are_rejected" time="0.005" /><testcase classname="integration.tests.test_official_scenario_runner" name="test_builds_exact_scenario_runner_command_without_shell" time="0.002" /><testcase classname="integration.tests.test_official_scenario_runner" name="test_agent_config_requires_agent" time="0.000" /><testcase classname="integration.tests.test_offline_replay" name="test_invalid_qwen_response_fails_closed_through_d" time="0.009" /><testcase classname="integration.tests.test_offline_replay" name="test_valid_qwen_response_reaches_runtime_boundary" time="0.003" /><testcase classname="integration.tests.test_offline_replay" name="test_manifest_requires_increasing_frame_and_simulation_time" time="0.003" /><testcase classname="integration.tests.test_offline_replay" name="test_dataset_paths_cannot_escape_manifest_directory" time="0.004" /><testcase classname="integration.tests.test_qwen_async" name="test_model_requested_confirmation_is_preserved" time="0.000" /><testcase classname="integration.tests.test_qwen_async" name="test_submit_is_non_blocking_and_returns_runtime_command" time="0.002" /><testcase classname="integration.tests.test_qwen_async" name="test_expired_result_is_stale_and_not_executable" time="0.002" /><testcase classname="integration.tests.test_qwen_async" name="test_inference_error_has_no_executable_command" time="0.002" /><testcase classname="integration.tests.test_qwen_async_supersede" name="test_superseded_slow_result_cannot_replace_newer_request" time="0.002" /><testcase classname="integration.tests.test_qwen_async_timeout" name="test_wall_clock_timeout_is_fail_closed_and_late_result_is_discarded" time="0.062" /><testcase classname="integration.tests.test_qwen_batch_benchmark" name="test_context_uses_per_case_rgb_and_detected_objects" time="0.000" /><testcase classname="integration.tests.test_qwen_batch_benchmark" name="test_evaluate_requires_exact_target_track_id" time="0.000" /><testcase classname="integration.tests.test_qwen_batch_benchmark" name="test_evaluate_preserves_legacy_cases_without_target" time="0.000" /><testcase classname="integration.tests.test_qwen_boundary" name="test_input_context_is_json_safe_and_immutable_at_boundary" time="0.000" /><testcase classname="integration.tests.test_qwen_boundary" name="test_valid_response_is_normalized" time="0.000" /><testcase classname="integration.tests.test_qwen_boundary" name="test_single_json_fence_is_normalized_without_weakening_schema" time="0.000" /><testcase classname="integration.tests.test_qwen_boundary" name="test_fenced_response_still_rejects_prose_or_multiple_objects[\u8bf4\u660e\u5982\u4e0b\uff1a\n```json\n{&quot;action&quot;:&quot;STOP&quot;,&quot;confidence&quot;:0.95,&quot;requires_confirmation&quot;:false}\n```]" time="0.000" /><testcase classname="integration.tests.test_qwen_boundary" name="test_fenced_response_still_rejects_prose_or_multiple_objects[```json\n{&quot;action&quot;:&quot;STOP&quot;,&quot;confidence&quot;:0.95,&quot;requires_confirmation&quot;:false}\n```\n\u989d\u5916\u8bf4\u660e]" time="0.000" /><testcase classname="integration.tests.test_qwen_boundary" name="test_fenced_response_still_rejects_prose_or_multiple_objects[```json\n{&quot;action&quot;:&quot;STOP&quot;,&quot;confidence&quot;:0.95,&quot;requires_confirmation&quot;:false}\n```\n```json\n{}\n```]" time="0.000" /><testcase classname="integration.tests.test_qwen_boundary" name="test_rejects_malformed_or_unsafe_responses[payload0-missing]" time="0.000" /><testcase classname="integration.tests.test_qwen_boundary" name="test_rejects_malformed_or_unsafe_responses[payload1-must be bool]" time="0.000" /><testcase classname="integration.tests.test_qwen_boundary" name="test_rejects_malformed_or_unsafe_responses[payload2-forbidden low-level]" time="0.000" /><testcase classname="integration.tests.test_qwen_boundary" name="test_rejects_malformed_or_unsafe_responses[payload3-requires target_speed_mps]" time="0.000" /><testcase classname="integration.tests.test_qwen_boundary" name="test_rejects_malformed_or_unsafe_responses[payload4-unknown]" time="0.000" /><testcase classname="integration.tests.test_qwen_boundary" name="test_discards_safe_zero_speed_annotation_for_stop[STOP]" time="0.000" /><testcase classname="integration.tests.test_qwen_boundary" name="test_discards_safe_zero_speed_annotation_for_stop[EMERGENCY_STOP]" time="0.000" /><testcase classname="integration.tests.test_qwen_boundary" name="test_rejects_nonzero_speed_annotation_for_stop" time="0.000" /><testcase classname="integration.tests.test_qwen_boundary" name="test_fail_closed_maps_model_states_to_watchdog_alerts" time="0.000" /><testcase classname="integration.tests.test_qwen_four_modal_stress_set" name="test_builder_labels_visual_and_detector_stress_without_losing_modalities" time="0.051" /><testcase classname="integration.tests.test_qwen_four_modal_stress_set" name="test_summary_separates_unanswerable_safety_faults" time="0.000" /><testcase classname="integration.tests.test_qwen_four_modal_stress_set" name="test_canonical_command_uses_observed_relation_and_distance" time="0.000" /><testcase classname="integration.tests.test_qwen_vl_adapter" name="test_adapter_resolves_image_and_returns_only_validated_high_level_json" time="0.003" /><testcase classname="integration.tests.test_qwen_vl_adapter" name="test_adapter_rejects_prose_low_level_controls_and_empty_output[```json\n{&quot;action&quot;:&quot;STOP&quot;}\n```]" time="0.000" /><testcase classname="integration.tests.test_qwen_vl_adapter" name="test_adapter_rejects_prose_low_level_controls_and_empty_output[{&quot;action&quot;: &quot;STOP&quot;, &quot;confidence&quot;: 1.0, &quot;requires_confirmation&quot;: false, &quot;brake&quot;: 1.0}]" time="0.000" /><testcase classname="integration.tests.test_qwen_vl_adapter" name="test_adapter_rejects_prose_low_level_controls_and_empty_output[]" time="0.000" /><testcase classname="integration.tests.test_qwen_vl_adapter" name="test_adapter_rejects_image_reference_escape" time="0.002" /><testcase classname="integration.tests.test_qwen_vl_adapter" name="test_prompt_serializes_frozen_context_and_never_requests_controls" time="0.000" /><testcase classname="integration.tests.test_qwen_vl_adapter" name="test_adapter_accepts_only_target_ids_present_in_perception" time="0.000" /><testcase classname="integration.tests.test_qwen_vl_adapter" name="test_adapter_rejects_semantic_target_substitution" time="0.000" /><testcase classname="integration.tests.test_qwen_vl_adapter" name="test_adapter_accepts_fail_closed_when_explicit_target_absent" time="0.000" /><testcase classname="integration.tests.test_qwen_vl_adapter" name="test_adapter_grounds_approximate_distance_target" time="0.000" /><testcase classname="integration.tests.test_qwen_vl_adapter" name="test_adapter_corrects_qwen_to_unique_distance_target" time="0.000" /><testcase classname="integration.tests.test_qwen_vl_adapter" name="test_adapter_ignores_low_confidence_false_positive_for_grounding" time="0.000" /><testcase classname="integration.tests.test_qwen_vl_adapter" name="test_road_roi_crop_removes_only_vertical_bands" time="0.001" /><testcase classname="integration.tests.test_qwen_vl_adapter" name="test_road_roi_crop_rejects_empty_or_excessive_crop[0.5-0.0]" time="0.000" /><testcase classname="integration.tests.test_qwen_vl_adapter" name="test_road_roi_crop_rejects_empty_or_excessive_crop[0.0-0.5]" time="0.000" /><testcase classname="integration.tests.test_qwen_vl_adapter" name="test_road_roi_crop_rejects_empty_or_excessive_crop[0.4-0.4]" time="0.000" /><testcase classname="integration.tests.test_qwen_vl_cli" name="test_cli_context_loader_uses_frozen_boundary" time="0.003" /><testcase classname="integration.tests.test_qwen_vl_cli" name="test_cli_context_loader_rejects_non_object_state" time="0.003" /><testcase classname="integration.tests.test_rgb_detector" name="test_carla_bgra_is_converted_to_rgb" time="0.000" /><testcase classname="integration.tests.test_rgb_detector" name="test_yolo_decoder_keeps_only_person_and_vehicle_classes" time="0.008" /><testcase classname="integration.tests.test_rgb_detector" name="test_class_aware_nms_removes_overlapping_duplicate" time="0.005" /><testcase classname="integration.tests.test_rgb_detector" name="test_corridor_filter_uses_normalized_box_location" time="0.000" /><testcase classname="integration.tests.test_rgb_detector" name="test_backend_failure_is_explicit" time="0.005" /><testcase classname="integration.tests.test_route_planner" name="test_route_selects_requested_first_branch[LEFT--2.0]" time="0.000" /><testcase classname="integration.tests.test_route_planner" name="test_route_selects_requested_first_branch[STRAIGHT-0.0]" time="0.000" /><testcase classname="integration.tests.test_route_planner" name="test_route_selects_requested_first_branch[RIGHT-2.0]" time="0.000" /><testcase classname="integration.tests.test_route_planner" name="test_route_command_direction_is_conservative" time="0.000" /><testcase classname="integration.tests.test_route_planner" name="test_route_rejects_invalid_parameters" time="0.000" /><testcase classname="integration.tests.test_route_planner" name="test_lane_change_uses_same_direction_adjacent_driving_lane[LEFT--3.5]" time="0.001" /><testcase classname="integration.tests.test_route_planner" name="test_lane_change_uses_same_direction_adjacent_driving_lane[RIGHT-3.5]" time="0.001" /><testcase classname="integration.tests.test_route_planner" name="test_lane_change_rejects_opposite_direction_adjacent_lane" time="0.001" /><testcase classname="integration.tests.test_route_planner" name="test_topology_anchor_selection_avoids_signal_stop_points" time="0.001" /><testcase classname="integration.tests.test_route_planner" name="test_topology_anchor_selection_supports_seeded_candidate_rank" time="0.001" /><testcase classname="integration.tests.test_runtime_loop" name="test_runtime_composes_voice_b_c_d_and_keeps_lane_id_safe_for_d" time="0.001" /><testcase classname="integration.tests.test_runtime_loop" name="test_runtime_preserves_d_emergency_stop_authority" time="0.000" /><testcase classname="integration.tests.test_runtime_loop" name="test_runtime_executes_slow_down_and_keep_lane_with_terminal_feedback" time="0.001" /><testcase classname="integration.tests.test_runtime_loop" name="test_runtime_fault_override_is_checked_by_d_before_apply_control" time="0.000" /><testcase classname="integration.tests.test_runtime_loop" name="test_runtime_fails_closed_on_misaligned_perception" time="0.000" /><testcase classname="integration.tests.test_runtime_loop" name="test_expired_voice_command_cannot_retain_propulsion_authority" time="0.000" /><testcase classname="integration.tests.test_runtime_loop" name="test_rejected_voice_is_no_op_and_does_not_replace_active_command" time="0.000" /><testcase classname="integration.tests.test_runtime_loop" name="test_confirmation_gated_complex_command_uses_fuzzy_safe_deceleration" time="0.000" /><testcase classname="integration.tests.test_runtime_loop" name="test_normal_stop_uses_c_comfort_braking_but_emergency_stop_uses_d_full_brake" time="0.000" /><testcase classname="integration.tests.test_runtime_loop" name="test_stop_completion_is_reported_and_brake_hold_persists" time="0.000" /><testcase classname="integration.tests.test_runtime_loop" name="test_watchdog_stop_is_latched_until_explicit_reset" time="0.000" /><testcase classname="integration.tests.test_runtime_loop" name="test_low_confidence_command_can_be_confirmed_then_execute" time="0.000" /><testcase classname="integration.tests.test_runtime_loop" name="test_declined_confirmation_is_terminal_and_holds_vehicle" time="0.000" /><testcase classname="integration.tests.test_runtime_loop" name="test_confirmed_complex_command_fails_without_concrete_decision" time="0.000" /><testcase classname="integration.tests.test_runtime_loop" name="test_completed_set_speed_keeps_cruise_authority_without_stale_d_command" time="0.001" /><testcase classname="integration.tests.test_runtime_loop" name="test_superseded_command_emits_terminal_feedback_for_audit" time="0.000" /><testcase classname="integration.tests.test_runtime_loop" name="test_outer_runtime_can_fail_active_command_explicitly" time="0.000" /><testcase classname="integration.tests.test_scenario_acceptance" name="test_every_repository_expected_key_is_supported" time="0.005" /><testcase classname="integration.tests.test_scenario_acceptance" name="test_metric_violation_and_unknown_key_fail_closed" time="0.000" /><testcase classname="integration.tests.test_scenario_evidence" name="test_unified_evidence_is_auditable_and_scored" time="0.011" /><testcase classname="integration.tests.test_scenario_evidence" name="test_collision_and_override_are_counted_as_episodes" time="0.003" /><testcase classname="integration.tests.test_scenario_evidence" name="test_failure_always_emits_terminal_record_and_summary" time="0.011" /><testcase classname="integration.tests.test_scenario_evidence" name="test_expected_lateral_offset_is_not_scored_as_serious_route_deviation" time="0.003" /><testcase classname="integration.tests.test_scenario_evidence" name="test_expected_route_deviation_remains_evidence_without_score_deduction" time="0.003" /><testcase classname="integration.tests.test_scenario_evidence" name="test_expected_contract_failure_downgrades_explicit_completion" time="0.003" /><testcase classname="integration.tests.test_scenario_evidence" name="test_command_order_accepts_applied_command_that_is_later_superseded" time="0.004" /><testcase classname="integration.tests.test_scenario_evidence" name="test_invalid_timing_and_non_finite_evidence_are_rejected" time="0.003" /><testcase classname="integration.tests.test_scenario_evidence" name="test_carla_left_handed_pose_metrics_use_scenario_left_positive_convention[-3.5--45.0-3.5-LEFT]" time="0.004" /><testcase classname="integration.tests.test_scenario_evidence" name="test_carla_left_handed_pose_metrics_use_scenario_left_positive_convention[3.5-45.0--3.5-RIGHT]" time="0.004" /><testcase classname="integration.tests.test_scenario_execution" name="test_all_repository_scenarios_load" time="0.009" /><testcase classname="integration.tests.test_scenario_execution" name="test_speed_command_is_normalized_for_voice_adapter" time="0.001" /><testcase classname="integration.tests.test_scenario_execution" name="test_scenario_command_ttl_covers_remaining_runtime" time="0.001" /><testcase classname="integration.tests.test_scenario_execution" name="test_world_route_rotates_local_template_around_spawn" time="0.001" /><testcase classname="integration.tests.test_scenario_execution" name="test_world_route_honours_contract_resample_interval" time="0.001" /><testcase classname="integration.tests.test_scenario_execution" name="test_scenario_ego_offset_is_loaded_separately_from_route_anchor" time="0.001" /><testcase classname="integration.tests.test_scenario_execution" name="test_best_route_anchor_prefers_drivable_shape_not_first_spawn" time="0.000" /><testcase classname="integration.tests.test_scenario_execution" name="test_timeline_emits_each_command_once_and_in_order" time="0.001" /><testcase classname="integration.tests.test_scenario_execution" name="test_trusted_smoke_shorthand_resolves_to_concrete_set_speed[S00_chain_start.json-0-5.0-3.0]" time="0.001" /><testcase classname="integration.tests.test_scenario_execution" name="test_trusted_smoke_shorthand_resolves_to_concrete_set_speed[S02_slow_down.json-1-5.555555555555555-4.166666666666667]" time="0.001" /><testcase classname="integration.tests.test_scenario_execution" name="test_trusted_route_manoeuvre_uses_scenario_route_and_concrete_speed[lateral_B/B06_left_turn.json-TURN_LEFT-2.7777777777777777]" time="0.001" /><testcase classname="integration.tests.test_scenario_execution" name="test_trusted_route_manoeuvre_uses_scenario_route_and_concrete_speed[lateral_B/B07_right_turn.json-TURN_RIGHT-2.7777777777777777]" time="0.001" /><testcase classname="integration.tests.test_scenario_execution" name="test_trusted_route_manoeuvre_uses_scenario_route_and_concrete_speed[lateral_B/B08_lane_change_left.json-CHANGE_LANE_LEFT-4.166666666666667]" time="0.001" /><testcase classname="integration.tests.test_scenario_execution" name="test_trusted_route_manoeuvre_uses_scenario_route_and_concrete_speed[lateral_B/B09_lane_change_right.json-CHANGE_LANE_RIGHT-4.166666666666667]" time="0.001" /><testcase classname="integration.tests.test_scenario_execution" name="test_trusted_route_manoeuvre_uses_scenario_route_and_concrete_speed[safety_D/D01_red_light_stop.json-KEEP_LANE-5.555555555555555]" time="0.001" /><testcase classname="integration.tests.test_sensor_profiles" name="test_low_profile_preserves_required_exact_frame_sensors" time="0.000" /><testcase classname="integration.tests.test_sensor_profiles" name="test_low_profile_reduces_gpu_and_lidar_load" time="0.000" /><testcase classname="integration.tests.test_sensor_profiles" name="test_unknown_sensor_profile_is_rejected" time="0.000" /><testcase classname="integration.tests.test_sensor_stability" name="test_selects_only_requested_low_resource_sensor" time="0.000" /><testcase classname="integration.tests.test_sensor_stability" name="test_both_mode_preserves_rgb_then_lidar_order" time="0.000" /><testcase classname="integration.tests.test_sensor_stability" name="test_rejects_unknown_sensor_mode[]" time="0.000" /><testcase classname="integration.tests.test_sensor_stability" name="test_rejects_unknown_sensor_mode[camera]" time="0.000" /><testcase classname="integration.tests.test_sensor_stability" name="test_rejects_unknown_sensor_mode[all]" time="0.000" /><testcase classname="integration.tests.test_sensor_stability" name="test_map_contract_name_accepts_full_carla_paths" time="0.000" /><testcase classname="integration.tests.test_sensor_stability" name="test_counter_waits_for_same_frame_from_both_sensors" time="0.000" /><testcase classname="integration.tests.test_sensor_stability" name="test_counter_deduplicates_frames_and_records_invalid_callbacks" time="0.000" /><testcase classname="integration.tests.test_sensor_stability" name="test_counter_validates_constructor_and_wait_arguments" time="0.000" /><testcase classname="integration.tests.test_sensor_stability" name="test_probe_result_is_machine_readable_json" time="0.000" /><testcase classname="integration.tests.test_voice_adapter" name="test_set_speed_converts_kmh_and_uses_carla_time" time="0.000" /><testcase classname="integration.tests.test_voice_adapter" name="test_set_speed_accepts_documented_chinese_units" time="0.000" /><testcase classname="integration.tests.test_voice_adapter" name="test_safe_simple_intents[STOP-STOP]" time="0.000" /><testcase classname="integration.tests.test_voice_adapter" name="test_safe_simple_intents[EMERGENCY_STOP-EMERGENCY_BRAKE]" time="0.000" /><testcase classname="integration.tests.test_voice_adapter" name="test_frozen_high_level_slow_down_and_keep_lane_are_executable" time="0.000" /><testcase classname="integration.tests.test_voice_adapter" name="test_relative_slow_down_uses_conservative_default_instead_of_no_op" time="0.000" /><testcase classname="integration.tests.test_voice_adapter" name="test_complex_intents_are_confirmation_gated[SPEED_UP]" time="0.000" /><testcase classname="integration.tests.test_voice_adapter" name="test_complex_intents_are_confirmation_gated[PULL_OVER]" time="0.000" /><testcase classname="integration.tests.test_voice_adapter" name="test_complex_intents_are_confirmation_gated[AVOID_OBSTACLE]" time="0.000" /><testcase classname="integration.tests.test_voice_adapter" name="test_complex_intents_are_confirmation_gated[CHANGE_LANE]" time="0.000" /><testcase classname="integration.tests.test_voice_adapter" name="test_complex_intents_are_confirmation_gated[FOLLOW_ROUTE]" time="0.000" /><testcase classname="integration.tests.test_voice_adapter" name="test_complex_intents_are_confirmation_gated[TURN]" time="0.000" /><testcase classname="integration.tests.test_voice_adapter" name="test_invalid_or_unknown_command_is_a_rejected_no_op" time="0.000" /><testcase classname="integration.tests.test_voice_adapter" name="test_object_diagnostics_are_normalized_without_losing_code_or_message" time="0.000" /><testcase classname="integration.tests.test_voice_adapter" name="test_invalid_set_speed_is_rejected[parameters0]" time="0.000" /><testcase classname="integration.tests.test_voice_adapter" name="test_invalid_set_speed_is_rejected[parameters1]" time="0.000" /><testcase classname="integration.tests.test_voice_adapter" name="test_invalid_set_speed_is_rejected[parameters2]" time="0.000" /><testcase classname="integration.tests.test_voice_adapter" name="test_rejects_bad_envelope_types" time="0.000" /><testcase classname="voice_group.tests.test_asr_cascade" name="test_policy_verifies_only_commands_that_can_change_control" time="0.000" /><testcase classname="voice_group.tests.test_asr_cascade" name="test_semantic_agreement_authorizes_high_confidence_result" time="0.000" /><testcase classname="voice_group.tests.test_asr_cascade" name="test_semantic_disagreement_requires_confirmation" time="0.000" /><testcase classname="voice_group.tests.test_asr_cascade" name="test_low_confidence_disagreement_does_not_override_primary_model" time="0.000" /><testcase classname="voice_group.tests.test_asr_cascade" name="test_secondary_model_never_blocks_a_primary_stop" time="0.000" /><testcase classname="voice_group.tests.test_asr_cascade" name="test_obstacle_homophone_does_not_block_same_manoeuvre" time="0.000" /><testcase classname="voice_group.tests.test_asr_cascade" name="test_uncalibrated_agreement_is_audited_without_fake_score" time="0.000" /><testcase classname="voice_group.tests.test_asr_cascade" name="test_missing_verifier_fails_into_confirmation_gate" time="0.000" /><testcase classname="voice_group.tests.test_asr_cascade" name="test_calibrator_only_returns_score_when_file_exists" time="0.004" /><testcase classname="voice_group.tests.test_audio_evaluator" name="test_transcript_metrics_are_deterministic" time="0.000" /><testcase classname="voice_group.tests.test_audio_evaluator" name="test_summary_uses_all_samples_as_accuracy_denominator" time="0.000" /><testcase classname="voice_group.tests.test_audio_evaluator" name="test_synthetic_noise_is_deterministic_and_matches_requested_snr" time="0.020" /><testcase classname="voice_group.tests.test_manifest_regression" name="test_all_250_manifest_transcripts_meet_official_baseline" time="0.014" /><testcase classname="voice_group.tests.test_manifest_regression" name="test_every_manifest_audio_file_exists" time="0.004" /><testcase classname="voice_group.tests.test_safety_boundary" name="test_low_asr_confidence_blocks_otherwise_executable_speed_command" time="0.000" /><testcase classname="voice_group.tests.test_safety_boundary" name="test_missing_asr_confidence_remains_backward_compatible" time="0.000" /><testcase classname="voice_group.tests.test_safety_boundary" name="test_observed_asr_variants_remain_safe_and_executable[\u5728\u8fd9\u513f\u505c\u3002-STOP]" time="0.000" /><testcase classname="voice_group.tests.test_safety_boundary" name="test_observed_asr_variants_remain_safe_and_executable[\u505c\u5230\u53f3\u8fb9\u5417\u3002-PULL_OVER]" time="0.000" /><testcase classname="voice_group.tests.test_safety_boundary" name="test_observed_asr_variants_remain_safe_and_executable[\u522b\u5145\u90a3\u4e48\u5feb\u5427\u3002-SLOW_DOWN]" time="0.000" /><testcase classname="voice_group.tests.test_safety_boundary" name="test_observed_asr_variants_remain_safe_and_executable[\u6492\u4e00\u811a\u5427\u3002-STOP]" time="0.000" /><testcase classname="voice_group.tests.test_safety_boundary" name="test_observed_asr_variants_remain_safe_and_executable[\u5239\u5239\u8f66\uff01-EMERGENCY_STOP]" time="0.000" /><testcase classname="voice_group.tests.test_safety_boundary" name="test_observed_asr_variants_remain_safe_and_executable[\u8e29\u6b7b\u8f66\uff01-EMERGENCY_STOP]" time="0.000" /><testcase classname="voice_group.tests.test_safety_boundary" name="test_missing_action_is_not_inferred_from_urgency_word_alone" time="0.000" /><testcase classname="voice_group.tests.test_whisper_calibration" name="test_platt_fit_ranks_high_raw_probability_as_more_correct" time="0.001" /><testcase classname="voice_group.tests.test_whisper_calibration" name="test_platt_output_is_a_probability" time="0.000" /></testsuite></testsuites>