<?xml version="1.0" encoding="utf-8"?><testsuites name="pytest tests"><testsuite name="pytest" errors="0" failures="0" skipped="0" tests="43" time="0.322" timestamp="2026-07-28T22:41:14.487234+08:00" hostname="oOxixi"><testcase classname="integration.tests.test_qwen_vl_adapter" name="test_adapter_resolves_image_and_returns_only_validated_high_level_json" time="0.005" /><testcase classname="integration.tests.test_qwen_vl_adapter" name="test_adapter_rejects_prose_low_level_controls_and_empty_output[```json\n{&quot;action&quot;:&quot;STOP&quot;}\n```]" time="0.001" /><testcase classname="integration.tests.test_qwen_vl_adapter" name="test_adapter_rejects_prose_low_level_controls_and_empty_output[{&quot;action&quot;: &quot;STOP&quot;, &quot;confidence&quot;: 1.0, &quot;requires_confirmation&quot;: false, &quot;brake&quot;: 1.0}]" time="0.000" /><testcase classname="integration.tests.test_qwen_vl_adapter" name="test_adapter_rejects_prose_low_level_controls_and_empty_output[]" time="0.000" /><testcase classname="integration.tests.test_qwen_vl_adapter" name="test_adapter_rejects_image_reference_escape" time="0.003" /><testcase classname="integration.tests.test_qwen_vl_adapter" name="test_prompt_serializes_frozen_context_and_never_requests_controls" time="0.000" /><testcase classname="integration.tests.test_qwen_vl_adapter" name="test_adapter_accepts_only_target_ids_present_in_perception" time="0.000" /><testcase classname="integration.tests.test_qwen_vl_adapter" name="test_adapter_rejects_semantic_target_substitution" time="0.000" /><testcase classname="integration.tests.test_qwen_vl_adapter" name="test_adapter_accepts_fail_closed_when_explicit_target_absent" time="0.000" /><testcase classname="integration.tests.test_qwen_vl_adapter" name="test_adapter_grounds_approximate_distance_target" time="0.000" /><testcase classname="integration.tests.test_qwen_vl_adapter" name="test_adapter_corrects_qwen_to_unique_distance_target" time="0.000" /><testcase classname="integration.tests.test_qwen_vl_adapter" name="test_adapter_ignores_low_confidence_false_positive_for_grounding" time="0.000" /><testcase classname="integration.tests.test_qwen_vl_adapter" name="test_road_roi_crop_removes_only_vertical_bands" time="0.001" /><testcase classname="integration.tests.test_qwen_vl_adapter" name="test_road_roi_crop_rejects_empty_or_excessive_crop[0.5-0.0]" time="0.000" /><testcase classname="integration.tests.test_qwen_vl_adapter" name="test_road_roi_crop_rejects_empty_or_excessive_crop[0.0-0.5]" time="0.000" /><testcase classname="integration.tests.test_qwen_vl_adapter" name="test_road_roi_crop_rejects_empty_or_excessive_crop[0.4-0.4]" time="0.000" /><testcase classname="integration.tests.test_qwen_four_modal_stress_set" name="test_builder_labels_visual_and_detector_stress_without_losing_modalities" time="0.048" /><testcase classname="integration.tests.test_qwen_four_modal_stress_set" name="test_summary_separates_unanswerable_safety_faults" time="0.000" /><testcase classname="integration.tests.test_qwen_four_modal_stress_set" name="test_canonical_command_uses_observed_relation_and_distance" time="0.000" /><testcase classname="integration.tests.test_qwen_batch_benchmark" name="test_context_uses_per_case_rgb_and_detected_objects" time="0.000" /><testcase classname="integration.tests.test_qwen_batch_benchmark" name="test_evaluate_requires_exact_target_track_id" time="0.000" /><testcase classname="integration.tests.test_qwen_batch_benchmark" name="test_evaluate_preserves_legacy_cases_without_target" time="0.000" /><testcase classname="integration.tests.test_qwen_boundary" name="test_input_context_is_json_safe_and_immutable_at_boundary" time="0.000" /><testcase classname="integration.tests.test_qwen_boundary" name="test_valid_response_is_normalized" time="0.000" /><testcase classname="integration.tests.test_qwen_boundary" name="test_single_json_fence_is_normalized_without_weakening_schema" time="0.000" /><testcase classname="integration.tests.test_qwen_boundary" name="test_fenced_response_still_rejects_prose_or_multiple_objects[\u8bf4\u660e\u5982\u4e0b\uff1a\n```json\n{&quot;action&quot;:&quot;STOP&quot;,&quot;confidence&quot;:0.95,&quot;requires_confirmation&quot;:false}\n```]" time="0.000" /><testcase classname="integration.tests.test_qwen_boundary" name="test_fenced_response_still_rejects_prose_or_multiple_objects[```json\n{&quot;action&quot;:&quot;STOP&quot;,&quot;confidence&quot;:0.95,&quot;requires_confirmation&quot;:false}\n```\n\u989d\u5916\u8bf4\u660e]" time="0.000" /><testcase classname="integration.tests.test_qwen_boundary" name="test_fenced_response_still_rejects_prose_or_multiple_objects[```json\n{&quot;action&quot;:&quot;STOP&quot;,&quot;confidence&quot;:0.95,&quot;requires_confirmation&quot;:false}\n```\n```json\n{}\n```]" time="0.000" /><testcase classname="integration.tests.test_qwen_boundary" name="test_rejects_malformed_or_unsafe_responses[payload0-missing]" time="0.000" /><testcase classname="integration.tests.test_qwen_boundary" name="test_rejects_malformed_or_unsafe_responses[payload1-must be bool]" time="0.000" /><testcase classname="integration.tests.test_qwen_boundary" name="test_rejects_malformed_or_unsafe_responses[payload2-forbidden low-level]" time="0.000" /><testcase classname="integration.tests.test_qwen_boundary" name="test_rejects_malformed_or_unsafe_responses[payload3-requires target_speed_mps]" time="0.000" /><testcase classname="integration.tests.test_qwen_boundary" name="test_rejects_malformed_or_unsafe_responses[payload4-unknown]" time="0.000" /><testcase classname="integration.tests.test_qwen_boundary" name="test_discards_safe_zero_speed_annotation_for_stop[STOP]" time="0.000" /><testcase classname="integration.tests.test_qwen_boundary" name="test_discards_safe_zero_speed_annotation_for_stop[EMERGENCY_STOP]" time="0.000" /><testcase classname="integration.tests.test_qwen_boundary" name="test_rejects_nonzero_speed_annotation_for_stop" time="0.000" /><testcase classname="integration.tests.test_qwen_boundary" name="test_fail_closed_maps_model_states_to_watchdog_alerts" time="0.000" /><testcase classname="integration.tests.test_qwen_async" name="test_model_requested_confirmation_is_preserved" time="0.000" /><testcase classname="integration.tests.test_qwen_async" name="test_submit_is_non_blocking_and_returns_runtime_command" time="0.002" /><testcase classname="integration.tests.test_qwen_async" name="test_expired_result_is_stale_and_not_executable" time="0.002" /><testcase classname="integration.tests.test_qwen_async" name="test_inference_error_has_no_executable_command" time="0.002" /><testcase classname="integration.tests.test_qwen_async_timeout" name="test_wall_clock_timeout_is_fail_closed_and_late_result_is_discarded" time="0.061" /><testcase classname="integration.tests.test_qwen_async_supersede" name="test_superseded_slow_result_cannot_replace_newer_request" time="0.002" /></testsuite></testsuites>