<?xml version="1.0" encoding="utf-8"?><testsuites name="pytest tests"><testsuite name="pytest" errors="1" failures="0" skipped="0" tests="1" time="0.358" timestamp="2026-07-31T13:07:34.390743+08:00" hostname="abc-Legion-Y7000P-IRX9"><testcase classname="" name="car_control_B2.tests" time="0.000"><error message="collection failure">../../miniconda3/envs/carla312/lib/python3.12/site-packages/pluggy/_hooks.py:512: in __call__
    return self._hookexec(self.name, self._hookimpls.copy(), kwargs, firstresult)
           ^^^^^^^^^^^^^^^^^^^^^^^^^^^^^^^^^^^^^^^^^^^^^^^^^^^^^^^^^^^^^^^^^^^^^^
../../miniconda3/envs/carla312/lib/python3.12/site-packages/pluggy/_manager.py:120: in _hookexec
    return self._inner_hookexec(hook_name, methods, kwargs, firstresult)
           ^^^^^^^^^^^^^^^^^^^^^^^^^^^^^^^^^^^^^^^^^^^^^^^^^^^^^^^^^^^^^
../../miniconda3/envs/carla312/lib/python3.12/site-packages/_pytest/python.py:193: in pytest_collect_file
    module: Module = ihook.pytest_pycollect_makemodule(
../../miniconda3/envs/carla312/lib/python3.12/site-packages/_pytest/config/compat.py:79: in fixed_hook
    return hook(**kw)
           ^^^^^^^^^^
../../miniconda3/envs/carla312/lib/python3.12/site-packages/pluggy/_hooks.py:512: in __call__
    return self._hookexec(self.name, self._hookimpls.copy(), kwargs, firstresult)
           ^^^^^^^^^^^^^^^^^^^^^^^^^^^^^^^^^^^^^^^^^^^^^^^^^^^^^^^^^^^^^^^^^^^^^^
../../miniconda3/envs/carla312/lib/python3.12/site-packages/pluggy/_manager.py:120: in _hookexec
    return self._inner_hookexec(hook_name, methods, kwargs, firstresult)
           ^^^^^^^^^^^^^^^^^^^^^^^^^^^^^^^^^^^^^^^^^^^^^^^^^^^^^^^^^^^^^
/opt/ros/humble/lib/python3.10/site-packages/launch_testing/pytest/hooks.py:193: in pytest_pycollect_makemodule
    entrypoint = find_launch_test_entrypoint(path)
                 ^^^^^^^^^^^^^^^^^^^^^^^^^^^^^^^^^
/opt/ros/humble/lib/python3.10/site-packages/launch_testing/pytest/hooks.py:180: in find_launch_test_entrypoint
    module = import_path(path, root=None, consider_namespace_packages=False)
             ^^^^^^^^^^^^^^^^^^^^^^^^^^^^^^^^^^^^^^^^^^^^^^^^^^^^^^^^^^^^^^^
../../miniconda3/envs/carla312/lib/python3.12/site-packages/_pytest/pathlib.py:610: in import_path
    raise ImportPathMismatchError(module_name, module_file, path)
E   _pytest.pathlib.ImportPathMismatchError: ('test_path_utils', '/home/abc/projects/carla_driving_main_20260730/car_control_B/tests/test_path_utils.py', PosixPath('/home/abc/projects/carla_driving_main_20260730/car_control_B2/tests/test_path_utils.py'))</error></testcase></testsuite></testsuites>